<?xml version="1.0" encoding="UTF-8"?>
<!-- Generated by org.testng.reporters.JUnitReportReporter -->
<testsuite hostname="DESKTOP-1B17E07" failures="0" tests="2" name="TestnG_Examples.TestNG_2" time="0.007" errors="0" timestamp="2024-12-10T19:51:47 IST" skipped="0">
  <testcase classname="TestnG_Examples.TestNG_2" name="main1" time="0.006"/>
  <system-out/>
  <testcase classname="TestnG_Examples.TestNG_2" name="main2" time="0.001"/>
  <system-out/>
</testsuite> <!-- TestnG_Examples.TestNG_2 -->
