<?xml version="1.0" encoding="UTF-8"?>
<!-- Generated by org.testng.reporters.JUnitReportReporter -->
<testsuite hostname="DESKTOP-1B17E07" failures="0" tests="2" name="TestnG_Examples.TestNG_Example1" time="0.010" errors="0" timestamp="2024-12-10T19:30:24 IST" skipped="0">
  <testcase classname="TestnG_Examples.TestNG_Example1" name="m10" time="0.008"/>
  <system-out/>
  <testcase classname="TestnG_Examples.TestNG_Example1" name="m11" time="0.002"/>
  <system-out/>
</testsuite> <!-- TestnG_Examples.TestNG_Example1 -->
